<?xml version="1.0" encoding="UTF-8"?>
<robot generator="Robot 7.2.2 (Python 3.10.6 on win32)" generated="2025-05-27T23:29:51.201165" rpa="false" schemaversion="5">
<suite id="s1" name="Testsuite" source="E:\Code\aireLogicTests\aireLogicTests\robotTests\Testsuite.robot">
<test id="s1-t1" name="Check site can be loaded" line="17">
<kw name="Open Browser" owner="SeleniumLibrary">
<msg time="2025-05-27T23:29:51.505575" level="INFO">Opening browser 'Firefox' to base url 'https://christopher-corbishley-2025-05-27.cookieclickertechtest.airelogic.com/'.</msg>
<arg>${LOGIN URL}</arg>
<arg>${BROWSER}</arg>
<doc>Opens a new browser instance to the optional ``url``.</doc>
<status status="PASS" start="2025-05-27T23:29:51.505575" elapsed="5.601620"/>
</kw>
<kw name="Maximize Browser Window" owner="SeleniumLibrary">
<doc>Maximizes current browser window.</doc>
<status status="PASS" start="2025-05-27T23:29:57.107711" elapsed="0.282913"/>
</kw>
<kw name="Title Should Be" owner="SeleniumLibrary">
<msg time="2025-05-27T23:29:57.391630" level="INFO">Page title is 'Cookie Clicker!'.</msg>
<arg>${EXPECTED_TITLE}</arg>
<doc>Verifies that the current page title equals ``title``.</doc>
<status status="PASS" start="2025-05-27T23:29:57.390624" elapsed="0.001006"/>
</kw>
<kw name="Close Browser" owner="SeleniumLibrary" type="TEARDOWN">
<doc>Closes the current browser.</doc>
<status status="PASS" start="2025-05-27T23:29:57.391630" elapsed="2.677983"/>
</kw>
<tag>positive</tag>
<status status="PASS" start="2025-05-27T23:29:51.504847" elapsed="8.564766"/>
</test>
<doc>A test suite for valid login.

Keywords are imported from the resource file</doc>
<status status="PASS" start="2025-05-27T23:29:51.202681" elapsed="8.867932"/>
</suite>
<statistics>
<total>
<stat pass="1" fail="0" skip="0">All Tests</stat>
</total>
<tag>
<stat pass="1" fail="0" skip="0">positive</stat>
</tag>
<suite>
<stat name="Testsuite" id="s1" pass="1" fail="0" skip="0">Testsuite</stat>
</suite>
</statistics>
<errors>
</errors>
</robot>
